Using pre-set license
Built from '2022.3/staging' branch; Version is '2022.3.7f1 (b16b3b16c7a0) revision 11627323'; Using compiler version '192829333'; Build Type 'Release'
OS: 'Windows 11  (10.0.22621) 64bit Core' Language: 'ko' Physical Memory: 16009 MB
BatchMode: 1, IsHumanControllingUs: 0, StartBugReporterOnCrash: 0, Is64bit: 1, IsPro: 1

COMMAND LINE ARGUMENTS:
C:\Program Files\Unity\Hub\Editor\2022.3.7f1\Editor\Unity.exe
-adb2
-batchMode
-noUpm
-name
AssetImportWorker3
-projectPath
C:/Users/choij/ShootingGame
-logFile
Logs/AssetImportWorker3.log
-srvPort
57463
Successfully changed project path to: C:/Users/choij/ShootingGame
C:/Users/choij/ShootingGame
[UnityMemory] Configuration Parameters - Can be set up in boot.config
    "memorysetup-bucket-allocator-granularity=16"
    "memorysetup-bucket-allocator-bucket-count=8"
    "memorysetup-bucket-allocator-block-size=33554432"
    "memorysetup-bucket-allocator-block-count=8"
    "memorysetup-main-allocator-block-size=16777216"
    "memorysetup-thread-allocator-block-size=16777216"
    "memorysetup-gfx-main-allocator-block-size=16777216"
    "memorysetup-gfx-thread-allocator-block-size=16777216"
    "memorysetup-cache-allocator-block-size=4194304"
    "memorysetup-typetree-allocator-block-size=2097152"
    "memorysetup-profiler-bucket-allocator-granularity=16"
    "memorysetup-profiler-bucket-allocator-bucket-count=8"
    "memorysetup-profiler-bucket-allocator-block-size=33554432"
    "memorysetup-profiler-bucket-allocator-block-count=8"
    "memorysetup-profiler-allocator-block-size=16777216"
    "memorysetup-profiler-editor-allocator-block-size=1048576"
    "memorysetup-temp-allocator-size-main=16777216"
    "memorysetup-job-temp-allocator-block-size=2097152"
    "memorysetup-job-temp-allocator-block-size-background=1048576"
    "memorysetup-job-temp-allocator-reduction-small-platforms=262144"
    "memorysetup-allocator-temp-initial-block-size-main=262144"
    "memorysetup-allocator-temp-initial-block-size-worker=262144"
    "memorysetup-temp-allocator-size-background-worker=32768"
    "memorysetup-temp-allocator-size-job-worker=262144"
    "memorysetup-temp-allocator-size-preload-manager=33554432"
    "memorysetup-temp-allocator-size-nav-mesh-worker=65536"
    "memorysetup-temp-allocator-size-audio-worker=65536"
    "memorysetup-temp-allocator-size-cloud-worker=32768"
    "memorysetup-temp-allocator-size-gi-baking-worker=262144"
    "memorysetup-temp-allocator-size-gfx=262144"
Player connection [20212] Host "[IP] 192.168.56.1 [Port] 0 [Flags] 2 [Guid] 2775397022 [EditorId] 2775397022 [Version] 1048832 [Id] WindowsEditor(7,지히서식지) [Debug] 1 [PackageName] WindowsEditor [ProjectName] Editor" joined multi-casting on [225.0.0.222:54997]...

Player connection [20212] Host "[IP] 192.168.56.1 [Port] 0 [Flags] 2 [Guid] 2775397022 [EditorId] 2775397022 [Version] 1048832 [Id] WindowsEditor(7,지히서식지) [Debug] 1 [PackageName] WindowsEditor [ProjectName] Editor" joined alternative multi-casting on [225.0.0.222:34997]...

Refreshing native plugins compatible for Editor in 23.41 ms, found 3 plugins.
Preloading 0 native plugins for Editor in 0.00 ms.
Initialize engine version: 2022.3.7f1 (b16b3b16c7a0)
[Subsystems] Discovering subsystems at path C:/Program Files/Unity/Hub/Editor/2022.3.7f1/Editor/Data/Resources/UnitySubsystems
[Subsystems] Discovering subsystems at path C:/Users/choij/ShootingGame/Assets
GfxDevice: creating device client; threaded=0; jobified=0
Direct3D:
    Version:  Direct3D 11.0 [level 11.1]
    Renderer: Intel(R) Iris(R) Xe Graphics (ID=0x46a6)
    Vendor:   Intel
    VRAM:     8004 MB
    Driver:   30.0.101.2079
Shader 'WFX/Transparent Diffuse': fallback shader 'Particles/Alpha Blended' not found
Shader 'WFX/Transparent Specular': fallback shader 'Particles/Alpha Blended' not found
Initialize mono
Mono path[0] = 'C:/Program Files/Unity/Hub/Editor/2022.3.7f1/Editor/Data/Managed'
Mono path[1] = 'C:/Program Files/Unity/Hub/Editor/2022.3.7f1/Editor/Data/MonoBleedingEdge/lib/mono/unityjit-win32'
Mono config path = 'C:/Program Files/Unity/Hub/Editor/2022.3.7f1/Editor/Data/MonoBleedingEdge/etc'
Using monoOptions --debugger-agent=transport=dt_socket,embedding=1,server=y,suspend=n,address=127.0.0.1:56600
Begin MonoManager ReloadAssembly
Registering precompiled unity dll's ...
Register platform support module: C:/Program Files/Unity/Hub/Editor/2022.3.7f1/Editor/Data/PlaybackEngines/WindowsStandaloneSupport/UnityEditor.WindowsStandalone.Extensions.dll
Registered in 0.018414 seconds.
- Loaded All Assemblies, in  0.794 seconds
Native extension for WindowsStandalone target not found
Mono: successfully reloaded assembly
- Finished resetting the current domain, in  0.542 seconds
Domain Reload Profiling: 1332ms
	BeginReloadAssembly (301ms)
		ExecutionOrderSort (0ms)
		DisableScriptedObjects (0ms)
		BackupInstance (0ms)
		ReleaseScriptingObjects (0ms)
		CreateAndSetChildDomain (1ms)
	RebuildCommonClasses (54ms)
	RebuildNativeTypeToScriptingClass (20ms)
	initialDomainReloadingComplete (141ms)
	LoadAllAssembliesAndSetupDomain (274ms)
		LoadAssemblies (296ms)
		RebuildTransferFunctionScriptingTraits (0ms)
		AnalyzeDomain (268ms)
			TypeCache.Refresh (266ms)
				TypeCache.ScanAssembly (244ms)
			ScanForSourceGeneratedMonoScriptInfo (1ms)
			ResolveRequiredComponents (1ms)
	FinalizeReload (543ms)
		ReleaseScriptCaches (0ms)
		RebuildScriptCaches (0ms)
		SetupLoadedEditorAssemblies (414ms)
			LogAssemblyErrors (0ms)
			InitializePlatformSupportModulesInManaged (29ms)
			SetLoadedEditorAssemblies (15ms)
			RefreshPlugins (0ms)
			BeforeProcessingInitializeOnLoad (7ms)
			ProcessInitializeOnLoadAttributes (261ms)
			ProcessInitializeOnLoadMethodAttributes (101ms)
			AfterProcessingInitializeOnLoad (0ms)
			EditorAssembliesLoaded (0ms)
		ExecutionOrderSort2 (0ms)
		AwakeInstancesAfterBackupRestoration (0ms)
========================================================================
Worker process is ready to serve import requests
Begin MonoManager ReloadAssembly
Symbol file LoadedFromMemory doesn't match image C:\Users\choij\ShootingGame\Library\PackageCache\com.unity.visualscripting@1.8.0\Editor\VisualScripting.Core\Dependencies\YamlDotNet\Unity.VisualScripting.YamlDotNet.dll
Symbol file LoadedFromMemory doesn't match image C:\Users\choij\ShootingGame\Library\PackageCache\com.unity.visualscripting@1.8.0\Editor\VisualScripting.Core\Dependencies\DotNetZip\Unity.VisualScripting.IonicZip.dll
- Loaded All Assemblies, in  1.484 seconds
Refreshing native plugins compatible for Editor in 9.00 ms, found 3 plugins.
Native extension for WindowsStandalone target not found
Mono: successfully reloaded assembly
- Finished resetting the current domain, in  1.108 seconds
Domain Reload Profiling: 2575ms
	BeginReloadAssembly (496ms)
		ExecutionOrderSort (0ms)
		DisableScriptedObjects (11ms)
		BackupInstance (0ms)
		ReleaseScriptingObjects (0ms)
		CreateAndSetChildDomain (34ms)
	RebuildCommonClasses (55ms)
	RebuildNativeTypeToScriptingClass (16ms)
	initialDomainReloadingComplete (82ms)
	LoadAllAssembliesAndSetupDomain (818ms)
		LoadAssemblies (870ms)
		RebuildTransferFunctionScriptingTraits (0ms)
		AnalyzeDomain (329ms)
			TypeCache.Refresh (288ms)
				TypeCache.ScanAssembly (263ms)
			ScanForSourceGeneratedMonoScriptInfo (27ms)
			ResolveRequiredComponents (12ms)
	FinalizeReload (1108ms)
		ReleaseScriptCaches (0ms)
		RebuildScriptCaches (0ms)
		SetupLoadedEditorAssemblies (800ms)
			LogAssemblyErrors (0ms)
			InitializePlatformSupportModulesInManaged (18ms)
			SetLoadedEditorAssemblies (9ms)
			RefreshPlugins (0ms)
			BeforeProcessingInitializeOnLoad (126ms)
			ProcessInitializeOnLoadAttributes (586ms)
			ProcessInitializeOnLoadMethodAttributes (42ms)
			AfterProcessingInitializeOnLoad (20ms)
			EditorAssembliesLoaded (0ms)
		ExecutionOrderSort2 (0ms)
		AwakeInstancesAfterBackupRestoration (37ms)
Shader 'WFX/Transparent Specular': fallback shader 'Particles/Alpha Blended' not found
Shader 'WFX/Transparent Diffuse': fallback shader 'Particles/Alpha Blended' not found
Launched and connected shader compiler UnityShaderCompiler.exe after 0.18 seconds
Refreshing native plugins compatible for Editor in 9.42 ms, found 3 plugins.
Preloading 0 native plugins for Editor in 0.00 ms.
Unloading 3178 Unused Serialized files (Serialized files now loaded: 0)
Unloading 34 unused Assets / (57.6 KB). Loaded Objects now: 3657.
Memory consumption went from 202.4 MB to 202.3 MB.
Total: 4.468400 ms (FindLiveObjects: 0.330500 ms CreateObjectMapping: 0.152200 ms MarkObjects: 3.820800 ms  DeleteObjects: 0.163000 ms)

AssetImportParameters requested are different than current active one (requested -> active):
  custom:scripting/monoscript/fileName/CFX_SpawnSystem.cs: 4b3b9707aed2e18b33bd3b66652598fe -> da90548e33a5ac9767c2ab325529961a
  custom:container-demuxer-ogg: 62fdf1f143b41e24485cea50d1cbac27 -> 
  custom:video-codec-MediaFoundation-h265: 746d11721c4dcdbdad8f713fa42b33f4 -> 
  custom:video-decoder-ogg-theora: a1e56fd34408186e4bbccfd4996cb3dc -> 
  custom:framework-win-MediaFoundation: 216162199b28c13a410421893ffa2e32 -> 
  custom:scripting/monoscript/fileName/CFXEasyEditor.cs: f5aa4f7dc0fb6cc1f062891d3d23ad3a -> 975509eb43d0b0d90d19d984ce47d25d
  custom:scripting/monoscript/fileName/WFX_Demo_RandomDir.cs: 186f948cde15c1122c44ea69453336ae -> 83412d56870e7b7abf13729c1e4f5956
  custom:scripting/monoscript/fileName/CFX_Demo_RandomDir.cs: 7c8947f625f117a66fbd08ab5db10efd -> 06fce4b0d835d8793ccf8307925e464f
  custom:scripting/monoscript/fileName/WFX_LightFlicker.cs: a2595a6bd7b971ce52c5ae03c45e65af -> 1dfc4e18a67da64c518b9518e62ac4fe
  custom:CustomObjectIndexerAttribute: 756ad292c208cfabdd7b50bc23989ffe -> 
  custom:scripting/monoscript/fileName/CFX_SpawnSystemEditor.cs: 38998be80ecd3e82578f0447fac48ef2 -> 8ef4ed7f7ca5c207cc3108bdafbacf7e
  custom:container-demuxer-webm: 4f35f7cbe854078d1ac9338744f61a02 -> 
  custom:scripting/monoscript/fileName/CFX_Demo_RotateCamera.cs: 2a5d0456ff9a15a7ff61bbcd4f9ab4a6 -> 1b6c7bbcbc0a01f776aafda62612b729
  custom:scripting/monoscript/fileName/WFX_Demo_DeleteAfterDelay.cs: 55ca58f4b57fb0b7b3a54474a36f87e4 -> a8456c85d9636ec3b34432ce15771790
  custom:scripting/monoscript/fileName/WFX_BulletHoleDecal.cs: 67c9ae9d5f0d353285713eeefc2b03e4 -> b2a50a5c52cc82fa50f26101cc423417
  custom:container-muxer-webm: aa71ff27fc2769a1b78a27578f13a17b -> 
  custom:scripting/monoscript/fileName/WFX_Demo_Wall.cs: 4276201b03cc8770bd65c2644ad4b4a3 -> ebe32a1844666a18dc6e88646d62cdf3
  custom:video-decoder-webm-vp8: 9c59270c3fd7afecdb556c50c9e8de78 -> 
  custom:scripting/monoscript/fileName/CFX_AutoStopLoopedEffect.cs: c7014d851f33de5eca2352c73230483b -> 0a1116784d96426e30ae544ef0d48111
  custom:SearchIndexIgnoredProperties: e643bd26f0fe6173181afceb89e7c659 -> 
  custom:AudioImporter_EditorPlatform: d09bf68614088b80899f8185d706f6e7 -> 
  custom:video-encoder-webm-vp8: eb34c28f22e8b96e1ab97ce403110664 -> 
  custom:scripting/monoscript/fileName/CFX_LightIntensityFade.cs: 08f65cec01c996cb0fde3318aac4026f -> cdc33b13e94fac5095d515fc63c5bc75
  custom:audio-decoder-ogg-vorbis: bf7c407c2cedff20999df2af8eb42d56 -> 
  custom:scripting/monoscript/fileName/WFX_Demo.cs: 26239cdf247b5c5e9c359f87eeaa3d42 -> 16a8c51f1dc0063656a39d0352fd910f
  custom:scripting/monoscript/fileName/CFX_Demo_Translate.cs: 4dc0cad9ac2a4999db88958a5ef11e35 -> c85e572516e08f311291871f16fd4e55
  custom:audio-encoder-webm-vorbis: bf7c407c2cedff20999df2af8eb42d56 -> 
  custom:scripting/monoscript/fileName/CFX_AutoDestructShuriken.cs: a7b613e2239c14a24da1c0e58b07fa8b -> 7d622660cad3b608810f352fdbc5d485
  custom:scripting/monoscript/fileName/WFX_Demo_New.cs: 38424888ec61272cd6afa4a471ba5279 -> 225d44912cd20a0c8b007d7146330c83
========================================================================
Received Import Request.
  Time since last request: 183915.698527 seconds.
  path: Assets/5. Assets/5. Effect_JMO Assets/WarFX/Desktop/Materials/Smoke/WFX_M_SmokeScroll Add.mat
  artifactKey: Guid(08860f5a2ea791b418ad49e30b240d79) Importer(815301076,1909f56bfc062723c751e8b465ee728b)
Start importing Assets/5. Assets/5. Effect_JMO Assets/WarFX/Desktop/Materials/Smoke/WFX_M_SmokeScroll Add.mat using Guid(08860f5a2ea791b418ad49e30b240d79) Importer(815301076,1909f56bfc062723c751e8b465ee728b)  -> (artifact id: '76194773b1a64d57667cfecc96edb45d') in 0.265630 seconds
Number of updated asset objects reloaded before import = 0
Number of asset objects unloaded after import = 2
========================================================================
Received Import Request.
  Time since last request: 0.032638 seconds.
  path: Assets/5. Assets/5. Effect_JMO Assets/WarFX/Desktop/Materials/Misc/WFX_M_SmallDots Add.mat
  artifactKey: Guid(e4f85b2e68822a041b8df56db88fbd27) Importer(815301076,1909f56bfc062723c751e8b465ee728b)
Start importing Assets/5. Assets/5. Effect_JMO Assets/WarFX/Desktop/Materials/Misc/WFX_M_SmallDots Add.mat using Guid(e4f85b2e68822a041b8df56db88fbd27) Importer(815301076,1909f56bfc062723c751e8b465ee728b)  -> (artifact id: '2f7cbd5768d8da0367d824f291b08d16') in 0.047248 seconds
Number of updated asset objects reloaded before import = 0
Number of asset objects unloaded after import = 2
========================================================================
Received Import Request.
  Time since last request: 0.000038 seconds.
  path: Assets/5. Assets/5. Effect_JMO Assets/WarFX/Desktop/Materials/Flames/WFX_M_NukeFlames ScrollAdd.mat
  artifactKey: Guid(9d5f92a71e0e19a4a99c1f7785e13a17) Importer(815301076,1909f56bfc062723c751e8b465ee728b)
Start importing Assets/5. Assets/5. Effect_JMO Assets/WarFX/Desktop/Materials/Flames/WFX_M_NukeFlames ScrollAdd.mat using Guid(9d5f92a71e0e19a4a99c1f7785e13a17) Importer(815301076,1909f56bfc062723c751e8b465ee728b)  -> (artifact id: '86beffd4f96c9863bf052affbf9e4d2e') in 0.038173 seconds
Number of updated asset objects reloaded before import = 0
Number of asset objects unloaded after import = 2
========================================================================
Received Import Request.
  Time since last request: 0.000029 seconds.
  path: Assets/5. Assets/5. Effect_JMO Assets/WarFX/Desktop/Materials/Misc/WFX_M_SmallDotsInv Mult.mat
  artifactKey: Guid(4d1d4d88cfac1d747af75ea13f5d3e42) Importer(815301076,1909f56bfc062723c751e8b465ee728b)
Start importing Assets/5. Assets/5. Effect_JMO Assets/WarFX/Desktop/Materials/Misc/WFX_M_SmallDotsInv Mult.mat using Guid(4d1d4d88cfac1d747af75ea13f5d3e42) Importer(815301076,1909f56bfc062723c751e8b465ee728b)  -> (artifact id: '8c4bd5f964b4648fb111b6573257d957') in 0.035965 seconds
Number of updated asset objects reloaded before import = 0
Number of asset objects unloaded after import = 2
========================================================================
Received Import Request.
  Time since last request: 0.000049 seconds.
  path: Assets/5. Assets/5. Effect_JMO Assets/WarFX/Desktop/Materials/MuzzleFlashes/WFX_M_MF Sparks RIFLE1.mat
  artifactKey: Guid(86b250a0578090746840c6eda8a93c9b) Importer(815301076,1909f56bfc062723c751e8b465ee728b)
Start importing Assets/5. Assets/5. Effect_JMO Assets/WarFX/Desktop/Materials/MuzzleFlashes/WFX_M_MF Sparks RIFLE1.mat using Guid(86b250a0578090746840c6eda8a93c9b) Importer(815301076,1909f56bfc062723c751e8b465ee728b)  -> (artifact id: '5ef59a1b9dcc7276d924fe8372641fde') in 0.040840 seconds
Number of updated asset objects reloaded before import = 0
Number of asset objects unloaded after import = 2
========================================================================
Received Import Request.
  Time since last request: 0.009594 seconds.
  path: Assets/5. Assets/5. Effect_JMO Assets/WarFX/Desktop/Materials/MuzzleFlashes/WFX_M_MF Side RIFLE3.mat
  artifactKey: Guid(08803d215d76c924c8318bec4eeffab5) Importer(815301076,1909f56bfc062723c751e8b465ee728b)
Start importing Assets/5. Assets/5. Effect_JMO Assets/WarFX/Desktop/Materials/MuzzleFlashes/WFX_M_MF Side RIFLE3.mat using Guid(08803d215d76c924c8318bec4eeffab5) Importer(815301076,1909f56bfc062723c751e8b465ee728b)  -> (artifact id: '3ad74fabb8f5bbed1b745a3c83fcba4c') in 0.056000 seconds
Number of updated asset objects reloaded before import = 0
Number of asset objects unloaded after import = 2
========================================================================
Received Import Request.
  Time since last request: 0.000053 seconds.
  path: Assets/5. Assets/5. Effect_JMO Assets/WarFX/Desktop/Materials/MuzzleFlashes/WFX_M_MF Glow.mat
  artifactKey: Guid(99e588461de51d14a809c357f0191ba9) Importer(815301076,1909f56bfc062723c751e8b465ee728b)
Start importing Assets/5. Assets/5. Effect_JMO Assets/WarFX/Desktop/Materials/MuzzleFlashes/WFX_M_MF Glow.mat using Guid(99e588461de51d14a809c357f0191ba9) Importer(815301076,1909f56bfc062723c751e8b465ee728b)  -> (artifact id: '736e78698d3472f7b4fa0e49143a3d2f') in 0.059611 seconds
Number of updated asset objects reloaded before import = 0
Number of asset objects unloaded after import = 2
========================================================================
Received Import Request.
  Time since last request: 0.059672 seconds.
  path: Assets/5. Assets/5. Effect_JMO Assets/WarFX/Desktop/Materials/MuzzleFlashes/WFX_M_MF FrontRear RIFLE1.mat
  artifactKey: Guid(f75cfa7d313f4ca4a9a0367922a04e8b) Importer(815301076,1909f56bfc062723c751e8b465ee728b)
Start importing Assets/5. Assets/5. Effect_JMO Assets/WarFX/Desktop/Materials/MuzzleFlashes/WFX_M_MF FrontRear RIFLE1.mat using Guid(f75cfa7d313f4ca4a9a0367922a04e8b) Importer(815301076,1909f56bfc062723c751e8b465ee728b)  -> (artifact id: '2529091a988e17c151e6b68e5acae734') in 0.034914 seconds
Number of updated asset objects reloaded before import = 0
Number of asset objects unloaded after import = 2
========================================================================
Received Import Request.
  Time since last request: 0.000034 seconds.
  path: Assets/5. Assets/5. Effect_JMO Assets/WarFX/Desktop/Materials/Impacts/WFX_M_Impact Smoke.mat
  artifactKey: Guid(450dd918846b28b408e044f16f827449) Importer(815301076,1909f56bfc062723c751e8b465ee728b)
Start importing Assets/5. Assets/5. Effect_JMO Assets/WarFX/Desktop/Materials/Impacts/WFX_M_Impact Smoke.mat using Guid(450dd918846b28b408e044f16f827449) Importer(815301076,1909f56bfc062723c751e8b465ee728b)  -> (artifact id: '71fd76af65fbd51f642c7181ef0caa66') in 0.061953 seconds
Number of updated asset objects reloaded before import = 0
Number of asset objects unloaded after import = 2
========================================================================
Received Import Request.
  Time since last request: 0.000042 seconds.
  path: Assets/5. Assets/5. Effect_JMO Assets/WarFX/Desktop/Materials/Misc/WFX_M_GroundGlow Add.mat
  artifactKey: Guid(e0d80b657ecab7c4b9ce24628b2dc682) Importer(815301076,1909f56bfc062723c751e8b465ee728b)
Start importing Assets/5. Assets/5. Effect_JMO Assets/WarFX/Desktop/Materials/Misc/WFX_M_GroundGlow Add.mat using Guid(e0d80b657ecab7c4b9ce24628b2dc682) Importer(815301076,1909f56bfc062723c751e8b465ee728b)  -> (artifact id: 'ec7790d806c5064d043945b8153199ad') in 0.039916 seconds
Number of updated asset objects reloaded before import = 0
Number of asset objects unloaded after import = 2
========================================================================
Received Import Request.
  Time since last request: 0.051233 seconds.
  path: Assets/5. Assets/5. Effect_JMO Assets/WarFX/Desktop/Materials/Flames/WFX_M_FlameSmall ScrollAdd.mat
  artifactKey: Guid(654261d22ff230341bd50c7ddb17c2c7) Importer(815301076,1909f56bfc062723c751e8b465ee728b)
Start importing Assets/5. Assets/5. Effect_JMO Assets/WarFX/Desktop/Materials/Flames/WFX_M_FlameSmall ScrollAdd.mat using Guid(654261d22ff230341bd50c7ddb17c2c7) Importer(815301076,1909f56bfc062723c751e8b465ee728b)  -> (artifact id: 'ac9079b487beeedcfc4a0e683a61e051') in 0.037616 seconds
Number of updated asset objects reloaded before import = 0
Number of asset objects unloaded after import = 2
========================================================================
Received Import Request.
  Time since last request: 0.000040 seconds.
  path: Assets/5. Assets/5. Effect_JMO Assets/WarFX/Desktop/Materials/Flames/WFX_M_FlameThrower Stream.mat
  artifactKey: Guid(1371a6078902c7b4faaebd2d94e436d4) Importer(815301076,1909f56bfc062723c751e8b465ee728b)
Start importing Assets/5. Assets/5. Effect_JMO Assets/WarFX/Desktop/Materials/Flames/WFX_M_FlameThrower Stream.mat using Guid(1371a6078902c7b4faaebd2d94e436d4) Importer(815301076,1909f56bfc062723c751e8b465ee728b)  -> (artifact id: 'a9c722d18644a6d7b60f98dddc03c11b') in 0.033137 seconds
Number of updated asset objects reloaded before import = 0
Number of asset objects unloaded after import = 2
========================================================================
Received Import Request.
  Time since last request: 0.000049 seconds.
  path: Assets/5. Assets/5. Effect_JMO Assets/WarFX/Desktop/Materials/Flames/WFX_M_FlameMine Add.mat
  artifactKey: Guid(5a8f1cdae1622674cbadec66134c60ad) Importer(815301076,1909f56bfc062723c751e8b465ee728b)
Start importing Assets/5. Assets/5. Effect_JMO Assets/WarFX/Desktop/Materials/Flames/WFX_M_FlameMine Add.mat using Guid(5a8f1cdae1622674cbadec66134c60ad) Importer(815301076,1909f56bfc062723c751e8b465ee728b)  -> (artifact id: '11bad3cec73502b95633788541755e51') in 0.036481 seconds
Number of updated asset objects reloaded before import = 0
Number of asset objects unloaded after import = 2
========================================================================
Received Import Request.
  Time since last request: 0.000030 seconds.
  path: Assets/5. Assets/5. Effect_JMO Assets/WarFX/Desktop/Materials/Smoke/WFX_M_ExplosiveSmoke.mat
  artifactKey: Guid(c4934188b933304409ce48e07d589342) Importer(815301076,1909f56bfc062723c751e8b465ee728b)
Start importing Assets/5. Assets/5. Effect_JMO Assets/WarFX/Desktop/Materials/Smoke/WFX_M_ExplosiveSmoke.mat using Guid(c4934188b933304409ce48e07d589342) Importer(815301076,1909f56bfc062723c751e8b465ee728b)  -> (artifact id: '685180ad06ef184e0a6cd09357522d17') in 0.028304 seconds
Number of updated asset objects reloaded before import = 0
Number of asset objects unloaded after import = 2
========================================================================
Received Import Request.
  Time since last request: 0.447058 seconds.
  path: Assets/5. Assets/5. Effect_JMO Assets/WarFX/Desktop/Materials/Flames/WFX_M_ExplosionFlames Add.mat
  artifactKey: Guid(d48723a9122613a46a57c70406594587) Importer(815301076,1909f56bfc062723c751e8b465ee728b)
Start importing Assets/5. Assets/5. Effect_JMO Assets/WarFX/Desktop/Materials/Flames/WFX_M_ExplosionFlames Add.mat using Guid(d48723a9122613a46a57c70406594587) Importer(815301076,1909f56bfc062723c751e8b465ee728b)  -> (artifact id: '7f42245261ec554b6a1618440544d8ef') in 0.037511 seconds
Number of updated asset objects reloaded before import = 0
Number of asset objects unloaded after import = 2
========================================================================
Received Import Request.
  Time since last request: 0.000035 seconds.
  path: Assets/5. Assets/5. Effect_JMO Assets/WarFX/Demo/Assets/WFX_Demo_M_Wood.mat
  artifactKey: Guid(c4b3df7d7d9b4194aad9879ce91ea700) Importer(815301076,1909f56bfc062723c751e8b465ee728b)
Start importing Assets/5. Assets/5. Effect_JMO Assets/WarFX/Demo/Assets/WFX_Demo_M_Wood.mat using Guid(c4b3df7d7d9b4194aad9879ce91ea700) Importer(815301076,1909f56bfc062723c751e8b465ee728b)  -> (artifact id: 'b40df71d86da3000f2bc2388123715cf') in 0.556153 seconds
Number of updated asset objects reloaded before import = 0
Number of asset objects unloaded after import = 3
========================================================================
Received Import Request.
  Time since last request: 0.000041 seconds.
  path: Assets/5. Assets/5. Effect_JMO Assets/WarFX/Demo/Assets/WFX_Demo_M_Concrete Wall.mat
  artifactKey: Guid(ab6453a18f7ff2f4ebb1d7ccb0fe1353) Importer(815301076,1909f56bfc062723c751e8b465ee728b)
Start importing Assets/5. Assets/5. Effect_JMO Assets/WarFX/Demo/Assets/WFX_Demo_M_Concrete Wall.mat using Guid(ab6453a18f7ff2f4ebb1d7ccb0fe1353) Importer(815301076,1909f56bfc062723c751e8b465ee728b)  -> (artifact id: '815bbd719fbe1da1eadeaf22c9541251') in 0.039780 seconds
Number of updated asset objects reloaded before import = 0
Number of asset objects unloaded after import = 3
========================================================================
Received Import Request.
  Time since last request: 0.000049 seconds.
  path: Assets/5. Assets/5. Effect_JMO Assets/WarFX/Demo/Assets/WFX_Demo_M_M4.mat
  artifactKey: Guid(59a86acc489cd454cbc07c4848d68ef3) Importer(815301076,1909f56bfc062723c751e8b465ee728b)
Start importing Assets/5. Assets/5. Effect_JMO Assets/WarFX/Demo/Assets/WFX_Demo_M_M4.mat using Guid(59a86acc489cd454cbc07c4848d68ef3) Importer(815301076,1909f56bfc062723c751e8b465ee728b)  -> (artifact id: '1c78cfff2a1b463c79373aeaf09e14b4') in 0.046386 seconds
Number of updated asset objects reloaded before import = 0
Number of asset objects unloaded after import = 3
========================================================================
Received Import Request.
  Time since last request: 0.000035 seconds.
  path: Assets/5. Assets/5. Effect_JMO Assets/WarFX/Demo/Assets/WFX_Demo_M_M4 Normal.mat
  artifactKey: Guid(d18b9b1f2eaad0b46801529e4cdbaa94) Importer(815301076,1909f56bfc062723c751e8b465ee728b)
Start importing Assets/5. Assets/5. Effect_JMO Assets/WarFX/Demo/Assets/WFX_Demo_M_M4 Normal.mat using Guid(d18b9b1f2eaad0b46801529e4cdbaa94) Importer(815301076,1909f56bfc062723c751e8b465ee728b)  -> (artifact id: '498f882050831848b33077bb46b2bac9') in 0.037263 seconds
Number of updated asset objects reloaded before import = 0
Number of asset objects unloaded after import = 3
========================================================================
Received Import Request.
  Time since last request: 0.000037 seconds.
  path: Assets/5. Assets/5. Effect_JMO Assets/WarFX/Desktop/Materials/Bullet Holes/WFX_BulletHole Generic.mat
  artifactKey: Guid(38f55d80fabc44846a1222921faa20bf) Importer(815301076,1909f56bfc062723c751e8b465ee728b)
Start importing Assets/5. Assets/5. Effect_JMO Assets/WarFX/Desktop/Materials/Bullet Holes/WFX_BulletHole Generic.mat using Guid(38f55d80fabc44846a1222921faa20bf) Importer(815301076,1909f56bfc062723c751e8b465ee728b)  -> (artifact id: 'e99fc04db08d1472a9670d49b53e86cf') in 0.031656 seconds
Number of updated asset objects reloaded before import = 0
Number of asset objects unloaded after import = 2
========================================================================
Received Import Request.
  Time since last request: 0.000033 seconds.
  path: Assets/5. Assets/5. Effect_JMO Assets/WarFX/Desktop/Materials/Bullet Holes/WFX_BulletHole Metal.mat
  artifactKey: Guid(042184d6004731842a52c613f8df564d) Importer(815301076,1909f56bfc062723c751e8b465ee728b)
Start importing Assets/5. Assets/5. Effect_JMO Assets/WarFX/Desktop/Materials/Bullet Holes/WFX_BulletHole Metal.mat using Guid(042184d6004731842a52c613f8df564d) Importer(815301076,1909f56bfc062723c751e8b465ee728b)  -> (artifact id: 'ca814831de4d1465db0c3f1125dd9991') in 0.029897 seconds
Number of updated asset objects reloaded before import = 0
Number of asset objects unloaded after import = 2
========================================================================
Received Import Request.
  Time since last request: 0.000034 seconds.
  path: Assets/5. Assets/5. Effect_JMO Assets/WarFX/Desktop/Materials/Bullet Holes/WFX_BulletHole Concrete.mat
  artifactKey: Guid(72b5a49033211f040b217a4431c08896) Importer(815301076,1909f56bfc062723c751e8b465ee728b)
Start importing Assets/5. Assets/5. Effect_JMO Assets/WarFX/Desktop/Materials/Bullet Holes/WFX_BulletHole Concrete.mat using Guid(72b5a49033211f040b217a4431c08896) Importer(815301076,1909f56bfc062723c751e8b465ee728b)  -> (artifact id: '8fc255e4fc82d6629efc678f7bf670db') in 0.033184 seconds
Number of updated asset objects reloaded before import = 0
Number of asset objects unloaded after import = 2
========================================================================
Received Import Request.
  Time since last request: 0.000034 seconds.
  path: Assets/5. Assets/5. Effect_JMO Assets/WarFX/Desktop/Materials/Bullet Holes/WFX_BulletHole Concrete Lighted.mat
  artifactKey: Guid(510d824c243583b488605ed79cd5f7d0) Importer(815301076,1909f56bfc062723c751e8b465ee728b)
Start importing Assets/5. Assets/5. Effect_JMO Assets/WarFX/Desktop/Materials/Bullet Holes/WFX_BulletHole Concrete Lighted.mat using Guid(510d824c243583b488605ed79cd5f7d0) Importer(815301076,1909f56bfc062723c751e8b465ee728b)  -> (artifact id: '8cf4ec29bb7ea9a3b63e7602de4ea0e0') in 0.049163 seconds
Number of updated asset objects reloaded before import = 0
Number of asset objects unloaded after import = 2
========================================================================
Received Import Request.
  Time since last request: 0.000031 seconds.
  path: Assets/5. Assets/2. Sky_Customizable Skybox/Model/Materials/trunk.mat
  artifactKey: Guid(2b1bb1efbeb980540aa4164a74c61686) Importer(815301076,1909f56bfc062723c751e8b465ee728b)
Start importing Assets/5. Assets/2. Sky_Customizable Skybox/Model/Materials/trunk.mat using Guid(2b1bb1efbeb980540aa4164a74c61686) Importer(815301076,1909f56bfc062723c751e8b465ee728b)  -> (artifact id: '06fc7e02fdf127ab2e4590eb0aa09170') in 0.035229 seconds
Number of updated asset objects reloaded before import = 0
Number of asset objects unloaded after import = 1
========================================================================
Received Import Request.
  Time since last request: 0.000053 seconds.
  path: Assets/5. Assets/5. Effect_JMO Assets/WarFX/Demo/Assets/WFX_Demo_M_Metal Wall.mat
  artifactKey: Guid(97a1c489739b9654294f9eec96f9988f) Importer(815301076,1909f56bfc062723c751e8b465ee728b)
Start importing Assets/5. Assets/5. Effect_JMO Assets/WarFX/Demo/Assets/WFX_Demo_M_Metal Wall.mat using Guid(97a1c489739b9654294f9eec96f9988f) Importer(815301076,1909f56bfc062723c751e8b465ee728b)  -> (artifact id: '8d78ce5b91e33f1432ef1f4a3d4365ac') in 0.087974 seconds
Number of updated asset objects reloaded before import = 0
Number of asset objects unloaded after import = 3
========================================================================
Received Import Request.
  Time since last request: 0.000029 seconds.
  path: Assets/5. Assets/2. Sky_Customizable Skybox/Materials/trunk.mat
  artifactKey: Guid(08c4b67273e724941900639ca93caabc) Importer(815301076,1909f56bfc062723c751e8b465ee728b)
Start importing Assets/5. Assets/2. Sky_Customizable Skybox/Materials/trunk.mat using Guid(08c4b67273e724941900639ca93caabc) Importer(815301076,1909f56bfc062723c751e8b465ee728b)  -> (artifact id: '5d08a0525f19771be1d862538f9d80d1') in 0.037194 seconds
Number of updated asset objects reloaded before import = 0
Number of asset objects unloaded after import = 1
========================================================================
Received Import Request.
  Time since last request: 0.000138 seconds.
  path: Assets/5. Assets/1. Map_SimpleLowPolyNature/Materials/TreeYellowMat.mat
  artifactKey: Guid(1b3799f72f9aa654d9f7a3787feef4ee) Importer(815301076,1909f56bfc062723c751e8b465ee728b)
Start importing Assets/5. Assets/1. Map_SimpleLowPolyNature/Materials/TreeYellowMat.mat using Guid(1b3799f72f9aa654d9f7a3787feef4ee) Importer(815301076,1909f56bfc062723c751e8b465ee728b)  -> (artifact id: '85826cd569fc10d9855cc3c8d309f603') in 0.040436 seconds
Number of updated asset objects reloaded before import = 0
Number of asset objects unloaded after import = 1
========================================================================
Received Import Request.
  Time since last request: 0.000133 seconds.
  path: Assets/5. Assets/5. Effect_JMO Assets/WarFX/Demo/Assets/WFX_Demo_M_Checker Wall.mat
  artifactKey: Guid(af09f8959d2e3e5409129ec9ec5ab06e) Importer(815301076,1909f56bfc062723c751e8b465ee728b)
Start importing Assets/5. Assets/5. Effect_JMO Assets/WarFX/Demo/Assets/WFX_Demo_M_Checker Wall.mat using Guid(af09f8959d2e3e5409129ec9ec5ab06e) Importer(815301076,1909f56bfc062723c751e8b465ee728b)  -> (artifact id: 'b0fc44b271d5177bbf5876d50367a832') in 0.035525 seconds
Number of updated asset objects reloaded before import = 0
Number of asset objects unloaded after import = 2
========================================================================
Received Import Request.
  Time since last request: 0.000036 seconds.
  path: Assets/5. Assets/1. Map_SimpleLowPolyNature/Materials/TreeRedMat.mat
  artifactKey: Guid(f154dff7fb489d2499686dc9f08c626a) Importer(815301076,1909f56bfc062723c751e8b465ee728b)
Start importing Assets/5. Assets/1. Map_SimpleLowPolyNature/Materials/TreeRedMat.mat using Guid(f154dff7fb489d2499686dc9f08c626a) Importer(815301076,1909f56bfc062723c751e8b465ee728b)  -> (artifact id: '9ad747688c84b71ddeed3ce2acfb0b2e') in 0.044768 seconds
Number of updated asset objects reloaded before import = 0
Number of asset objects unloaded after import = 1
========================================================================
Received Import Request.
  Time since last request: 0.000200 seconds.
  path: Assets/5. Assets/1. Map_SimpleLowPolyNature/Materials/TreePinkMat.mat
  artifactKey: Guid(e8231e5e093c804458795712745c4041) Importer(815301076,1909f56bfc062723c751e8b465ee728b)
Start importing Assets/5. Assets/1. Map_SimpleLowPolyNature/Materials/TreePinkMat.mat using Guid(e8231e5e093c804458795712745c4041) Importer(815301076,1909f56bfc062723c751e8b465ee728b)  -> (artifact id: 'bef3f6a81017a1ad46bbc8ba32e04726') in 0.034168 seconds
Number of updated asset objects reloaded before import = 0
Number of asset objects unloaded after import = 1
========================================================================
Received Import Request.
  Time since last request: 0.898519 seconds.
  path: Assets/5. Assets/1. Map_SimpleLowPolyNature/Materials/TreeOrangeMat.mat
  artifactKey: Guid(33535d2d31f89e846b6ec7c60219cb96) Importer(815301076,1909f56bfc062723c751e8b465ee728b)
Start importing Assets/5. Assets/1. Map_SimpleLowPolyNature/Materials/TreeOrangeMat.mat using Guid(33535d2d31f89e846b6ec7c60219cb96) Importer(815301076,1909f56bfc062723c751e8b465ee728b)  -> (artifact id: '959f058ddf274816260c919c15a19133') in 0.047184 seconds
Number of updated asset objects reloaded before import = 0
Number of asset objects unloaded after import = 1
========================================================================
Received Import Request.
  Time since last request: 0.084608 seconds.
  path: Assets/5. Assets/1. Map_SimpleLowPolyNature/Materials/TreeGreen1Mat.mat
  artifactKey: Guid(cf7b2a2a4b5c2bb409c794db9d64ff3f) Importer(815301076,1909f56bfc062723c751e8b465ee728b)
Start importing Assets/5. Assets/1. Map_SimpleLowPolyNature/Materials/TreeGreen1Mat.mat using Guid(cf7b2a2a4b5c2bb409c794db9d64ff3f) Importer(815301076,1909f56bfc062723c751e8b465ee728b)  -> (artifact id: '60acc5bb333584ea03da5e073b1396c4') in 0.050337 seconds
Number of updated asset objects reloaded before import = 0
Number of asset objects unloaded after import = 1
========================================================================
Received Import Request.
  Time since last request: 0.306820 seconds.
  path: Assets/5. Assets/2. Sky_Customizable Skybox/Stylized Sky/Materials/Sunset4.mat
  artifactKey: Guid(20f6d22d93779de4ea6f62f8ab305593) Importer(815301076,1909f56bfc062723c751e8b465ee728b)
Start importing Assets/5. Assets/2. Sky_Customizable Skybox/Stylized Sky/Materials/Sunset4.mat using Guid(20f6d22d93779de4ea6f62f8ab305593) Importer(815301076,1909f56bfc062723c751e8b465ee728b)  -> (artifact id: '2a565c12616454265de2829fffea6333') in 0.044848 seconds
Number of updated asset objects reloaded before import = 0
Number of asset objects unloaded after import = 1
========================================================================
Received Import Request.
  Time since last request: 0.111192 seconds.
  path: Assets/5. Assets/2. Sky_Customizable Skybox/Stylized Sky/Materials/Sunset2.mat
  artifactKey: Guid(528363c5c1cf6a7458140c6851c77b68) Importer(815301076,1909f56bfc062723c751e8b465ee728b)
Start importing Assets/5. Assets/2. Sky_Customizable Skybox/Stylized Sky/Materials/Sunset2.mat using Guid(528363c5c1cf6a7458140c6851c77b68) Importer(815301076,1909f56bfc062723c751e8b465ee728b)  -> (artifact id: 'c6d218a2b2ed7371ab780ae229c18888') in 0.040484 seconds
Number of updated asset objects reloaded before import = 0
Number of asset objects unloaded after import = 1
========================================================================
Received Import Request.
  Time since last request: 0.253059 seconds.
  path: Assets/5. Assets/4. Enemy_RPG Monster DUO PBR Polyart/Materials/Stage.mat
  artifactKey: Guid(abaea1a47e73483590f52e512a9adda3) Importer(815301076,1909f56bfc062723c751e8b465ee728b)
Start importing Assets/5. Assets/4. Enemy_RPG Monster DUO PBR Polyart/Materials/Stage.mat using Guid(abaea1a47e73483590f52e512a9adda3) Importer(815301076,1909f56bfc062723c751e8b465ee728b)  -> (artifact id: '7f0e66294b82abb7871d1c6f37e565b6') in 0.559178 seconds
Number of updated asset objects reloaded before import = 0
Number of asset objects unloaded after import = 1
========================================================================
Received Import Request.
  Time since last request: 0.226443 seconds.
  path: Assets/5. Assets/3. Player_BattleRoyaleDuoPAPBR/Material/Skybox_Mat.mat
  artifactKey: Guid(632b6c96dd5cf8c489d1a1825cd1bd20) Importer(815301076,1909f56bfc062723c751e8b465ee728b)
Start importing Assets/5. Assets/3. Player_BattleRoyaleDuoPAPBR/Material/Skybox_Mat.mat using Guid(632b6c96dd5cf8c489d1a1825cd1bd20) Importer(815301076,1909f56bfc062723c751e8b465ee728b)  -> (artifact id: '924c609b1bce6e3a24581b4e990d56ac') in 0.316568 seconds
Number of updated asset objects reloaded before import = 0
Number of asset objects unloaded after import = 1
========================================================================
Received Import Request.
  Time since last request: 0.000228 seconds.
  path: Assets/3. Materials/SkyBlue.mat
  artifactKey: Guid(b391cc48e48829e41ba9c1650378e2c4) Importer(815301076,1909f56bfc062723c751e8b465ee728b)
Start importing Assets/3. Materials/SkyBlue.mat using Guid(b391cc48e48829e41ba9c1650378e2c4) Importer(815301076,1909f56bfc062723c751e8b465ee728b)  -> (artifact id: '4f069e2cf837a0d162cdfa4ef0b9ebcc') in 0.049870 seconds
Number of updated asset objects reloaded before import = 0
Number of asset objects unloaded after import = 1
========================================================================
Received Import Request.
  Time since last request: 0.240603 seconds.
  path: Assets/5. Assets/3. Player_BattleRoyaleDuoPAPBR/Material/Polyart.mat
  artifactKey: Guid(1c7d9a93ba355f14caf0a2e597ad83ad) Importer(815301076,1909f56bfc062723c751e8b465ee728b)
Start importing Assets/5. Assets/3. Player_BattleRoyaleDuoPAPBR/Material/Polyart.mat using Guid(1c7d9a93ba355f14caf0a2e597ad83ad) Importer(815301076,1909f56bfc062723c751e8b465ee728b)  -> (artifact id: 'b44671eace52c2d20f63c9940bdf897f') in 0.046610 seconds
Number of updated asset objects reloaded before import = 0
Number of asset objects unloaded after import = 2
========================================================================
Received Import Request.
  Time since last request: 0.000033 seconds.
  path: Assets/5. Assets/2. Sky_Customizable Skybox/Model/Materials/pine tree green.mat
  artifactKey: Guid(b67fe0ad79964244383e7633743fcc6b) Importer(815301076,1909f56bfc062723c751e8b465ee728b)
Start importing Assets/5. Assets/2. Sky_Customizable Skybox/Model/Materials/pine tree green.mat using Guid(b67fe0ad79964244383e7633743fcc6b) Importer(815301076,1909f56bfc062723c751e8b465ee728b)  -> (artifact id: 'd9ed732380adf2ec9082a87d310e5dd3') in 0.069081 seconds
Number of updated asset objects reloaded before import = 0
Number of asset objects unloaded after import = 1
========================================================================
Received Import Request.
  Time since last request: 0.544886 seconds.
  path: Assets/5. Assets/2. Sky_Customizable Skybox/Materials/pine tree green.mat
  artifactKey: Guid(471bbc61de2af0a47bd80da0aacc49dc) Importer(815301076,1909f56bfc062723c751e8b465ee728b)
Start importing Assets/5. Assets/2. Sky_Customizable Skybox/Materials/pine tree green.mat using Guid(471bbc61de2af0a47bd80da0aacc49dc) Importer(815301076,1909f56bfc062723c751e8b465ee728b)  -> (artifact id: '8b6b6341197385b9d6f4c346638a0ed9') in 0.049802 seconds
Number of updated asset objects reloaded before import = 0
Number of asset objects unloaded after import = 1
========================================================================
Received Import Request.
  Time since last request: 0.000039 seconds.
  path: Assets/5. Assets/4. Enemy_RPG Monster DUO PBR Polyart/Materials/PBRDefault.mat
  artifactKey: Guid(d9c0226bd4324f01bc178cf4a515ef84) Importer(815301076,1909f56bfc062723c751e8b465ee728b)
Start importing Assets/5. Assets/4. Enemy_RPG Monster DUO PBR Polyart/Materials/PBRDefault.mat using Guid(d9c0226bd4324f01bc178cf4a515ef84) Importer(815301076,1909f56bfc062723c751e8b465ee728b)  -> (artifact id: '79d85e3923454c3d056ad834e9933f07') in 0.487711 seconds
Number of updated asset objects reloaded before import = 0
Number of asset objects unloaded after import = 4
========================================================================
Received Import Request.
  Time since last request: 0.000054 seconds.
  path: Assets/5. Assets/3. Player_BattleRoyaleDuoPAPBR/Material/PBR_Head01.mat
  artifactKey: Guid(440c223e8cc7a2a488217777758167e5) Importer(815301076,1909f56bfc062723c751e8b465ee728b)
Start importing Assets/5. Assets/3. Player_BattleRoyaleDuoPAPBR/Material/PBR_Head01.mat using Guid(440c223e8cc7a2a488217777758167e5) Importer(815301076,1909f56bfc062723c751e8b465ee728b)  -> (artifact id: 'a775d37d8d02029313eb62f97a57f43b') in 0.047149 seconds
Number of updated asset objects reloaded before import = 0
Number of asset objects unloaded after import = 4
========================================================================
Received Import Request.
  Time since last request: 0.000058 seconds.
  path: Assets/5. Assets/2. Sky_Customizable Skybox/Stylized Sky/Materials/Night4.mat
  artifactKey: Guid(ed1387202b1349540a5d6464f0f27488) Importer(815301076,1909f56bfc062723c751e8b465ee728b)
Start importing Assets/5. Assets/2. Sky_Customizable Skybox/Stylized Sky/Materials/Night4.mat using Guid(ed1387202b1349540a5d6464f0f27488) Importer(815301076,1909f56bfc062723c751e8b465ee728b)  -> (artifact id: '158866dcfd2df341f0ec210f7eb4fffc') in 0.041782 seconds
Number of updated asset objects reloaded before import = 0
Number of asset objects unloaded after import = 1
========================================================================
Received Import Request.
  Time since last request: 0.000113 seconds.
  path: Assets/5. Assets/2. Sky_Customizable Skybox/Stylized Sky/Materials/Night3.mat
  artifactKey: Guid(135a7036ca1a07b4e9e162d80e6b6e77) Importer(815301076,1909f56bfc062723c751e8b465ee728b)
Start importing Assets/5. Assets/2. Sky_Customizable Skybox/Stylized Sky/Materials/Night3.mat using Guid(135a7036ca1a07b4e9e162d80e6b6e77) Importer(815301076,1909f56bfc062723c751e8b465ee728b)  -> (artifact id: '775785c7951d614f370ce9281d137e10') in 0.036182 seconds
Number of updated asset objects reloaded before import = 0
Number of asset objects unloaded after import = 1
========================================================================
Received Import Request.
  Time since last request: 0.000038 seconds.
  path: Assets/5. Assets/2. Sky_Customizable Skybox/Stylized Sky/Materials/Night2.mat
  artifactKey: Guid(52fcefd712182d743a781fde12426775) Importer(815301076,1909f56bfc062723c751e8b465ee728b)
Start importing Assets/5. Assets/2. Sky_Customizable Skybox/Stylized Sky/Materials/Night2.mat using Guid(52fcefd712182d743a781fde12426775) Importer(815301076,1909f56bfc062723c751e8b465ee728b)  -> (artifact id: '9eeadec6d98e0d568e5848922e11d456') in 0.036061 seconds
Number of updated asset objects reloaded before import = 0
Number of asset objects unloaded after import = 1
========================================================================
Received Import Request.
  Time since last request: 0.000035 seconds.
  path: Assets/5. Assets/3. Player_BattleRoyaleDuoPAPBR/Material/PBR_AR.mat
  artifactKey: Guid(b07802606f13a81498f72da1e3bc8b9a) Importer(815301076,1909f56bfc062723c751e8b465ee728b)
Start importing Assets/5. Assets/3. Player_BattleRoyaleDuoPAPBR/Material/PBR_AR.mat using Guid(b07802606f13a81498f72da1e3bc8b9a) Importer(815301076,1909f56bfc062723c751e8b465ee728b)  -> (artifact id: '884792c7e7f9939b2ca1b13e5e9f2dc5') in 0.043732 seconds
Number of updated asset objects reloaded before import = 0
Number of asset objects unloaded after import = 4
========================================================================
Received Import Request.
  Time since last request: 0.000036 seconds.
  path: Assets/5. Assets/3. Player_BattleRoyaleDuoPAPBR/Material/PBR_Body02.mat
  artifactKey: Guid(f524a3b37d3137b4e9dc1941e6772bda) Importer(815301076,1909f56bfc062723c751e8b465ee728b)
Start importing Assets/5. Assets/3. Player_BattleRoyaleDuoPAPBR/Material/PBR_Body02.mat using Guid(f524a3b37d3137b4e9dc1941e6772bda) Importer(815301076,1909f56bfc062723c751e8b465ee728b)  -> (artifact id: '5d4c9a0c7c626cd2fa5271e805e81403') in 0.047314 seconds
Number of updated asset objects reloaded before import = 0
Number of asset objects unloaded after import = 4
Editor requested this worker to shutdown with reason: Scaling down because of idle timeout
TcpMessagingSession - receive error: operation aborted. errorcode: 995, details: 스레드 종료 또는 응용 프로그램 요청 때문에 I/O 작업이 취소되었습니다.
AssetImportWorker is now disconnected from the server
Process exiting
Exiting without the bug reporter. Application will terminate with return code 0